<?xml version="1.0" encoding="windows-1252" standalone="no"?>
<!DOCTYPE log SYSTEM "logger.dtd">
<log>
<record>
  <date>2015-10-26T13:45:40</date>
  <millis>1445881540583</millis>
  <sequence>0</sequence>
  <logger>jMetal</logger>
  <level>INFO</level>
  <class>jmetal.metaheuristics.nsgaII.NSGAIIAdaptive_main</class>
  <method>main</method>
  <thread>1</thread>
  <message>Total execution time: 2166ms</message>
</record>
<record>
  <date>2015-10-26T13:45:40</date>
  <millis>1445881540610</millis>
  <sequence>1</sequence>
  <logger>jMetal</logger>
  <level>INFO</level>
  <class>jmetal.metaheuristics.nsgaII.NSGAIIAdaptive_main</class>
  <method>main</method>
  <thread>1</thread>
  <message>Variables values have been writen to file VAR</message>
</record>
<record>
  <date>2015-10-26T13:45:40</date>
  <millis>1445881540624</millis>
  <sequence>2</sequence>
  <logger>jMetal</logger>
  <level>INFO</level>
  <class>jmetal.metaheuristics.nsgaII.NSGAIIAdaptive_main</class>
  <method>main</method>
  <thread>1</thread>
  <message>Objectives values have been writen to file FUN</message>
</record>
</log>
